<?xml version="1.0" encoding="UTF-8"?>
<testsuite name="fr.viper.core.LoginInteractorTest$LoginWithParameters" tests="1" skipped="0" failures="0" errors="0" timestamp="2016-08-29T16:40:00" hostname="octo-gad.meetic.ilius.net" time="0.019">
  <properties/>
  <testcase name="login_ShouldCreateRequest" classname="fr.viper.core.LoginInteractorTest$LoginWithParameters" time="0.019"/>
  <system-out><![CDATA[]]></system-out>
  <system-err><![CDATA[]]></system-err>
</testsuite>
